<?xml version="1.0" encoding="UTF-8"?>
<testng-results ignored="0" total="1" passed="1" failed="0" skipped="0">
  <reporter-output>
  </reporter-output>
  <suite started-at="2026-07-01T12:55:00 PST" name="Surefire suite" finished-at="2026-07-01T12:55:13 PST" duration-ms="13447">
    <groups>
    </groups>
    <test started-at="2026-07-01T12:55:00 PST" name="Surefire test" finished-at="2026-07-01T12:55:13 PST" duration-ms="13447">
      <class name="tests.LoginTest">
        <test-method is-config="true" signature="setup()[pri:0, instance:tests.LoginTest@5d20e46]" started-at="2026-07-01T12:55:00 PST" name="setup" finished-at="2026-07-01T12:55:03 PST" duration-ms="2645" status="PASS">
          <reporter-output>
          </reporter-output>
        </test-method> <!-- setup -->
        <test-method signature="successfulLogin()[pri:0, instance:tests.LoginTest@5d20e46]" started-at="2026-07-01T12:55:03 PST" name="successfulLogin" finished-at="2026-07-01T12:55:13 PST" duration-ms="10703" status="PASS">
          <reporter-output>
          </reporter-output>
        </test-method> <!-- successfulLogin -->
        <test-method is-config="true" signature="teardown()[pri:0, instance:tests.LoginTest@5d20e46]" started-at="2026-07-01T12:55:13 PST" name="teardown" finished-at="2026-07-01T12:55:13 PST" duration-ms="83" status="PASS">
          <reporter-output>
          </reporter-output>
        </test-method> <!-- teardown -->
      </class> <!-- tests.LoginTest -->
    </test> <!-- Surefire test -->
  </suite> <!-- Surefire suite -->
</testng-results>
